# JRE version: Java(TM) SE Runtime Environment (17.0.7+8) (build 17.0.7+8-LTS-224)
# Java VM: Java HotSpot(TM) 64-Bit Server VM (17.0.7+8-LTS-224, mixed mode, sharing, tiered, compressed oops, compressed class ptrs, g1 gc, windows-amd64)
GC Precious Log:
 CPUs: 8 total, 8 available
 Memory: 7960M
 Large Page Support: Disabled
 NUMA Support: Disabled
 Compressed Oops: Enabled (32-bit)
 Heap Region Size: 1M
 Heap Min Capacity: 8M
 Heap Initial Capacity: 126M
 Heap Max Capacity: 1992M
 Pre-touch: Disabled
 Parallel Workers: 8
 Concurrent Workers: 2
 Concurrent Refinement Workers: 8
 Periodic GC: Disabled
Heap:
 garbage-first heap   total 71680K, used 31091K [0x0000000083800000, 0x0000000100000000)
  region size 1024K, 3 young (3072K), 3 survivors (3072K)
 Metaspace       used 59258K, committed 59584K, reserved 1105920K
  class space    used 8105K, committed 8256K, reserved 1048576K
GC Heap History (20 events):
Event: 2.885 GC heap after
{Heap after GC invocations=6 (full 0):
 garbage-first heap   total 58368K, used 15632K [0x0000000083800000, 0x0000000100000000)
  region size 1024K, 1 young (1024K), 1 survivors (1024K)
 Metaspace       used 25124K, committed 25408K, reserved 1073152K
  class space    used 3357K, committed 3520K, reserved 1048576K
}
Event: 3.338 GC heap before
{Heap before GC invocations=6 (full 0):
 garbage-first heap   total 58368K, used 39184K [0x0000000083800000, 0x0000000100000000)
  region size 1024K, 25 young (25600K), 1 survivors (1024K)
 Metaspace       used 28175K, committed 28480K, reserved 1081344K
  class space    used 3749K, committed 3904K, reserved 1048576K
}
Event: 3.343 GC heap after
{Heap after GC invocations=7 (full 0):
 garbage-first heap   total 58368K, used 17326K [0x0000000083800000, 0x0000000100000000)
  region size 1024K, 3 young (3072K), 3 survivors (3072K)
 Metaspace       used 28175K, committed 28480K, reserved 1081344K
  class space    used 3749K, committed 3904K, reserved 1048576K
}
Event: 3.817 GC heap before
{Heap before GC invocations=7 (full 0):
 garbage-first heap   total 58368K, used 39854K [0x0000000083800000, 0x0000000100000000)
  region size 1024K, 26 young (26624K), 3 survivors (3072K)
 Metaspace       used 34495K, committed 34816K, reserved 1081344K
  class space    used 4698K, committed 4864K, reserved 1048576K
}
Event: 3.822 GC heap after
{Heap after GC invocations=8 (full 0):
 garbage-first heap   total 58368K, used 19426K [0x0000000083800000, 0x0000000100000000)
  region size 1024K, 2 young (2048K), 2 survivors (2048K)
 Metaspace       used 34495K, committed 34816K, reserved 1081344K
  class space    used 4698K, committed 4864K, reserved 1048576K
}
Event: 3.890 GC heap before
{Heap before GC invocations=8 (full 0):
 garbage-first heap   total 58368K, used 23522K [0x0000000083800000, 0x0000000100000000)
  region size 1024K, 7 young (7168K), 2 survivors (2048K)
 Metaspace       used 35832K, committed 36096K, reserved 1081344K
  class space    used 4845K, committed 4992K, reserved 1048576K
}
Event: 3.893 GC heap after
{Heap after GC invocations=9 (full 0):
 garbage-first heap   total 82944K, used 19302K [0x0000000083800000, 0x0000000100000000)
  region size 1024K, 2 young (2048K), 2 survivors (2048K)
 Metaspace       used 35832K, committed 36096K, reserved 1081344K
  class space    used 4845K, committed 4992K, reserved 1048576K
}
Event: 4.552 GC heap before
{Heap before GC invocations=10 (full 0):
 garbage-first heap   total 68608K, used 58214K [0x0000000083800000, 0x0000000100000000)
  region size 1024K, 40 young (40960K), 2 survivors (2048K)
 Metaspace       used 44678K, committed 44992K, reserved 1089536K
  class space    used 6135K, committed 6272K, reserved 1048576K
}
Event: 4.557 GC heap after
{Heap after GC invocations=11 (full 0):
 garbage-first heap   total 68608K, used 21056K [0x0000000083800000, 0x0000000100000000)
  region size 1024K, 4 young (4096K), 4 survivors (4096K)
 Metaspace       used 44678K, committed 44992K, reserved 1089536K
  class space    used 6135K, committed 6272K, reserved 1048576K
}
Event: 4.578 GC heap before
{Heap before GC invocations=11 (full 0):
 garbage-first heap   total 68608K, used 21056K [0x0000000083800000, 0x0000000100000000)
  region size 1024K, 5 young (5120K), 4 survivors (4096K)
 Metaspace       used 44870K, committed 45184K, reserved 1089536K
  class space    used 6157K, committed 6336K, reserved 1048576K
}
Event: 4.584 GC heap after
{Heap after GC invocations=12 (full 0):
 garbage-first heap   total 68608K, used 20747K [0x0000000083800000, 0x0000000100000000)
  region size 1024K, 1 young (1024K), 1 survivors (1024K)
 Metaspace       used 44870K, committed 45184K, reserved 1089536K
  class space    used 6157K, committed 6336K, reserved 1048576K
}
Event: 5.122 GC heap before
{Heap before GC invocations=12 (full 0):
 garbage-first heap   total 68608K, used 52491K [0x0000000083800000, 0x0000000100000000)
  region size 1024K, 32 young (32768K), 1 survivors (1024K)
 Metaspace       used 49464K, committed 49792K, reserved 1097728K
  class space    used 6798K, committed 6976K, reserved 1048576K
}
Event: 5.127 GC heap after
{Heap after GC invocations=13 (full 0):
 garbage-first heap   total 68608K, used 22560K [0x0000000083800000, 0x0000000100000000)
  region size 1024K, 3 young (3072K), 3 survivors (3072K)
 Metaspace       used 49464K, committed 49792K, reserved 1097728K
  class space    used 6798K, committed 6976K, reserved 1048576K
}
Event: 5.516 GC heap before
{Heap before GC invocations=13 (full 0):
 garbage-first heap   total 68608K, used 53280K [0x0000000083800000, 0x0000000100000000)
  region size 1024K, 33 young (33792K), 3 survivors (3072K)
 Metaspace       used 50614K, committed 50944K, reserved 1097728K
  class space    used 6940K, committed 7104K, reserved 1048576K
}
Event: 5.523 GC heap after
{Heap after GC invocations=14 (full 0):
 garbage-first heap   total 68608K, used 25688K [0x0000000083800000, 0x0000000100000000)
  region size 1024K, 5 young (5120K), 5 survivors (5120K)
 Metaspace       used 50614K, committed 50944K, reserved 1097728K
  class space    used 6940K, committed 7104K, reserved 1048576K
}
Event: 6.068 GC heap before
{Heap before GC invocations=14 (full 0):
 garbage-first heap   total 68608K, used 52312K [0x0000000083800000, 0x0000000100000000)
  region size 1024K, 31 young (31744K), 5 survivors (5120K)
 Metaspace       used 55765K, committed 56192K, reserved 1097728K
  class space    used 7723K, committed 7936K, reserved 1048576K
}
Event: 6.076 GC heap after
{Heap after GC invocations=15 (full 0):
 garbage-first heap   total 68608K, used 26774K [0x0000000083800000, 0x0000000100000000)
  region size 1024K, 2 young (2048K), 2 survivors (2048K)
 Metaspace       used 55765K, committed 56192K, reserved 1097728K
  class space    used 7723K, committed 7936K, reserved 1048576K
}
Event: 6.508 GC heap before
{Heap before GC invocations=15 (full 0):
 garbage-first heap   total 68608K, used 53398K [0x0000000083800000, 0x0000000100000000)
  region size 1024K, 28 young (28672K), 2 survivors (2048K)
 Metaspace       used 58926K, committed 59264K, reserved 1105920K
  class space    used 8096K, committed 8256K, reserved 1048576K
}
Event: 6.514 GC heap after
{Heap after GC invocations=16 (full 0):
 garbage-first heap   total 68608K, used 28987K [0x0000000083800000, 0x0000000100000000)
  region size 1024K, 4 young (4096K), 4 survivors (4096K)
 Metaspace       used 58926K, committed 59264K, reserved 1105920K
  class space    used 8096K, committed 8256K, reserved 1048576K
}
Event: 6.847 GC heap before
{Heap before GC invocations=16 (full 0):
 garbage-first heap   total 68608K, used 52539K [0x0000000083800000, 0x0000000100000000)
  region size 1024K, 28 young (28672K), 4 survivors (4096K)
 Metaspace       used 59258K, committed 59584K, reserved 1105920K
  class space    used 8105K, committed 8256K, reserved 1048576K
}

