# JRE version: Java(TM) SE Runtime Environment (17.0.7+8) (build 17.0.7+8-LTS-224)
# Java VM: Java HotSpot(TM) 64-Bit Server VM (17.0.7+8-LTS-224, mixed mode, sharing, tiered, compressed oops, compressed class ptrs, g1 gc, windows-amd64)
GC Precious Log:
 CPUs: 8 total, 8 available
 Memory: 7960M
 Large Page Support: Disabled
 NUMA Support: Disabled
 Compressed Oops: Enabled (32-bit)
 Heap Region Size: 1M
 Heap Min Capacity: 8M
 Heap Initial Capacity: 126M
 Heap Max Capacity: 1992M
 Pre-touch: Disabled
 Parallel Workers: 8
 Concurrent Workers: 2
 Concurrent Refinement Workers: 8
 Periodic GC: Disabled
Heap:
 garbage-first heap   total 129024K, used 38732K [0x0000000083800000, 0x0000000100000000)
  region size 1024K, 7 young (7168K), 7 survivors (7168K)
 Metaspace       used 61310K, committed 61760K, reserved 1105920K
  class space    used 8196K, committed 8384K, reserved 1048576K
GC Heap History (20 events):
Event: 4.432 GC heap after
{Heap after GC invocations=12 (full 0):
 garbage-first heap   total 68608K, used 20877K [0x0000000083800000, 0x0000000100000000)
  region size 1024K, 1 young (1024K), 1 survivors (1024K)
 Metaspace       used 44925K, committed 45248K, reserved 1089536K
  class space    used 6168K, committed 6336K, reserved 1048576K
}
Event: 4.990 GC heap before
{Heap before GC invocations=12 (full 0):
 garbage-first heap   total 68608K, used 52621K [0x0000000083800000, 0x0000000100000000)
  region size 1024K, 32 young (32768K), 1 survivors (1024K)
 Metaspace       used 49498K, committed 49856K, reserved 1097728K
  class space    used 6809K, committed 6976K, reserved 1048576K
}
Event: 4.995 GC heap after
{Heap after GC invocations=13 (full 0):
 garbage-first heap   total 68608K, used 22684K [0x0000000083800000, 0x0000000100000000)
  region size 1024K, 3 young (3072K), 3 survivors (3072K)
 Metaspace       used 49498K, committed 49856K, reserved 1097728K
  class space    used 6809K, committed 6976K, reserved 1048576K
}
Event: 5.358 GC heap before
{Heap before GC invocations=13 (full 0):
 garbage-first heap   total 68608K, used 53404K [0x0000000083800000, 0x0000000100000000)
  region size 1024K, 33 young (33792K), 3 survivors (3072K)
 Metaspace       used 50611K, committed 50944K, reserved 1097728K
  class space    used 6948K, committed 7104K, reserved 1048576K
}
Event: 5.364 GC heap after
{Heap after GC invocations=14 (full 0):
 garbage-first heap   total 68608K, used 25771K [0x0000000083800000, 0x0000000100000000)
  region size 1024K, 5 young (5120K), 5 survivors (5120K)
 Metaspace       used 50611K, committed 50944K, reserved 1097728K
  class space    used 6948K, committed 7104K, reserved 1048576K
}
Event: 5.971 GC heap before
{Heap before GC invocations=14 (full 0):
 garbage-first heap   total 68608K, used 53419K [0x0000000083800000, 0x0000000100000000)
  region size 1024K, 32 young (32768K), 5 survivors (5120K)
 Metaspace       used 56224K, committed 56576K, reserved 1097728K
  class space    used 7780K, committed 7936K, reserved 1048576K
}
Event: 5.979 GC heap after
{Heap after GC invocations=15 (full 0):
 garbage-first heap   total 68608K, used 26858K [0x0000000083800000, 0x0000000100000000)
  region size 1024K, 2 young (2048K), 2 survivors (2048K)
 Metaspace       used 56224K, committed 56576K, reserved 1097728K
  class space    used 7780K, committed 7936K, reserved 1048576K
}
Event: 6.409 GC heap before
{Heap before GC invocations=15 (full 0):
 garbage-first heap   total 68608K, used 53482K [0x0000000083800000, 0x0000000100000000)
  region size 1024K, 28 young (28672K), 2 survivors (2048K)
 Metaspace       used 58916K, committed 59264K, reserved 1105920K
  class space    used 8105K, committed 8256K, reserved 1048576K
}
Event: 6.415 GC heap after
{Heap after GC invocations=16 (full 0):
 garbage-first heap   total 128000K, used 29402K [0x0000000083800000, 0x0000000100000000)
  region size 1024K, 4 young (4096K), 4 survivors (4096K)
 Metaspace       used 58916K, committed 59264K, reserved 1105920K
  class space    used 8105K, committed 8256K, reserved 1048576K
}
Event: 7.516 GC heap before
{Heap before GC invocations=16 (full 0):
 garbage-first heap   total 128000K, used 96986K [0x0000000083800000, 0x0000000100000000)
  region size 1024K, 70 young (71680K), 4 survivors (4096K)
 Metaspace       used 60181K, committed 60544K, reserved 1105920K
  class space    used 8160K, committed 8320K, reserved 1048576K
}
Event: 7.521 GC heap after
{Heap after GC invocations=17 (full 0):
 garbage-first heap   total 128000K, used 29637K [0x0000000083800000, 0x0000000100000000)
  region size 1024K, 5 young (5120K), 5 survivors (5120K)
 Metaspace       used 60181K, committed 60544K, reserved 1105920K
  class space    used 8160K, committed 8320K, reserved 1048576K
}
Event: 7.870 GC heap before
{Heap before GC invocations=17 (full 0):
 garbage-first heap   total 128000K, used 60357K [0x0000000083800000, 0x0000000100000000)
  region size 1024K, 36 young (36864K), 5 survivors (5120K)
 Metaspace       used 60381K, committed 60736K, reserved 1105920K
  class space    used 8163K, committed 8320K, reserved 1048576K
}
Event: 7.877 GC heap after
{Heap after GC invocations=18 (full 0):
 garbage-first heap   total 128000K, used 32738K [0x0000000083800000, 0x0000000100000000)
  region size 1024K, 8 young (8192K), 8 survivors (8192K)
 Metaspace       used 60381K, committed 60736K, reserved 1105920K
  class space    used 8163K, committed 8320K, reserved 1048576K
}
Event: 8.561 GC heap before
{Heap before GC invocations=19 (full 0):
 garbage-first heap   total 119808K, used 96226K [0x0000000083800000, 0x0000000100000000)
  region size 1024K, 70 young (71680K), 8 survivors (8192K)
 Metaspace       used 60656K, committed 61120K, reserved 1105920K
  class space    used 8176K, committed 8384K, reserved 1048576K
}
Event: 8.569 GC heap after
{Heap after GC invocations=20 (full 0):
 garbage-first heap   total 119808K, used 32780K [0x0000000083800000, 0x0000000100000000)
  region size 1024K, 5 young (5120K), 5 survivors (5120K)
 Metaspace       used 60656K, committed 61120K, reserved 1105920K
  class space    used 8176K, committed 8384K, reserved 1048576K
}
Event: 8.582 GC heap before
{Heap before GC invocations=20 (full 0):
 garbage-first heap   total 119808K, used 33804K [0x0000000083800000, 0x0000000100000000)
  region size 1024K, 6 young (6144K), 5 survivors (5120K)
 Metaspace       used 60660K, committed 61120K, reserved 1105920K
  class space    used 8176K, committed 8384K, reserved 1048576K
}
Event: 8.587 GC heap after
{Heap after GC invocations=21 (full 0):
 garbage-first heap   total 119808K, used 32593K [0x0000000083800000, 0x0000000100000000)
  region size 1024K, 1 young (1024K), 1 survivors (1024K)
 Metaspace       used 60660K, committed 61120K, reserved 1105920K
  class space    used 8176K, committed 8384K, reserved 1048576K
}
Event: 9.136 GC heap before
{Heap before GC invocations=21 (full 0):
 garbage-first heap   total 119808K, used 95057K [0x0000000083800000, 0x0000000100000000)
  region size 1024K, 62 young (63488K), 1 survivors (1024K)
 Metaspace       used 61080K, committed 61568K, reserved 1105920K
  class space    used 8190K, committed 8384K, reserved 1048576K
}
Event: 9.142 GC heap after
{Heap after GC invocations=22 (full 0):
 garbage-first heap   total 119808K, used 34264K [0x0000000083800000, 0x0000000100000000)
  region size 1024K, 3 young (3072K), 3 survivors (3072K)
 Metaspace       used 61080K, committed 61568K, reserved 1105920K
  class space    used 8190K, committed 8384K, reserved 1048576K
}
Event: 9.709 GC heap before
{Heap before GC invocations=22 (full 0):
 garbage-first heap   total 119808K, used 94680K [0x0000000083800000, 0x0000000100000000)
  region size 1024K, 63 young (64512K), 3 survivors (3072K)
 Metaspace       used 61310K, committed 61760K, reserved 1105920K
  class space    used 8196K, committed 8384K, reserved 1048576K
}

